<?xml version="1.0" encoding="UTF-8"?>
<coverage generated="1551817480871" clover="3.2.0">
  <project timestamp="1551817480873" name="All files">
    <metrics statements="136" coveredstatements="116" conditionals="26" coveredconditionals="19" methods="45" coveredmethods="41" elements="207" coveredelements="176" complexity="0" loc="136" ncloc="136" packages="3" files="8" classes="8">
      <package name="gameEngine">
        <metrics statements="38" coveredstatements="38" conditionals="12" coveredconditionals="12" methods="11" coveredmethods="11"/>
        <file name="Entity.js" path="C:\Users\bergu\Desktop\LudumGameEngine\src\gameEngine\Entity.js">
          <metrics statements="38" coveredstatements="38" conditionals="12" coveredconditionals="12" methods="11" coveredmethods="11"/>
          <line num="12" count="11" type="stmt"/>
          <line num="13" count="11" type="stmt"/>
          <line num="16" count="11" type="cond" truecount="2" falsecount="0"/>
          <line num="17" count="10" type="stmt"/>
          <line num="20" count="1" type="stmt"/>
          <line num="21" count="1" type="stmt"/>
          <line num="25" count="11" type="cond" truecount="2" falsecount="0"/>
          <line num="26" count="10" type="stmt"/>
          <line num="29" count="1" type="stmt"/>
          <line num="30" count="1" type="stmt"/>
          <line num="34" count="11" type="cond" truecount="2" falsecount="0"/>
          <line num="35" count="10" type="stmt"/>
          <line num="38" count="1" type="stmt"/>
          <line num="39" count="1" type="stmt"/>
          <line num="43" count="11" type="cond" truecount="2" falsecount="0"/>
          <line num="44" count="3" type="stmt"/>
          <line num="47" count="8" type="stmt"/>
          <line num="48" count="8" type="stmt"/>
          <line num="52" count="11" type="cond" truecount="2" falsecount="0"/>
          <line num="53" count="3" type="stmt"/>
          <line num="56" count="8" type="stmt"/>
          <line num="57" count="8" type="stmt"/>
          <line num="60" count="11" type="cond" truecount="2" falsecount="0"/>
          <line num="61" count="8" type="stmt"/>
          <line num="62" count="8" type="stmt"/>
          <line num="64" count="3" type="stmt"/>
          <line num="65" count="3" type="stmt"/>
          <line num="70" count="2" type="stmt"/>
          <line num="74" count="1" type="stmt"/>
          <line num="78" count="15" type="stmt"/>
          <line num="82" count="6" type="stmt"/>
          <line num="86" count="7" type="stmt"/>
          <line num="90" count="3" type="stmt"/>
          <line num="94" count="5" type="stmt"/>
          <line num="98" count="1" type="stmt"/>
          <line num="102" count="2" type="stmt"/>
          <line num="106" count="5" type="stmt"/>
          <line num="120" count="5" type="stmt"/>
        </file>
      </package>
      <package name="gameEngine.components">
        <metrics statements="93" coveredstatements="75" conditionals="14" coveredconditionals="7" methods="29" coveredmethods="27"/>
        <file name="AudioManager.js" path="C:\Users\bergu\Desktop\LudumGameEngine\src\gameEngine\components\AudioManager.js">
          <metrics statements="5" coveredstatements="4" conditionals="2" coveredconditionals="1" methods="2" coveredmethods="2"/>
          <line num="3" count="4" type="stmt"/>
          <line num="7" count="1" type="cond" truecount="1" falsecount="1"/>
          <line num="8" count="0" type="stmt"/>
          <line num="10" count="1" type="stmt"/>
          <line num="11" count="1" type="stmt"/>
        </file>
        <file name="Body.js" path="C:\Users\bergu\Desktop\LudumGameEngine\src\gameEngine\components\Body.js">
          <metrics statements="14" coveredstatements="14" conditionals="0" coveredconditionals="0" methods="10" coveredmethods="10"/>
          <line num="3" count="11" type="stmt"/>
          <line num="4" count="11" type="stmt"/>
          <line num="5" count="11" type="stmt"/>
          <line num="6" count="11" type="stmt"/>
          <line num="7" count="11" type="stmt"/>
          <line num="12" count="1" type="stmt"/>
          <line num="15" count="3" type="stmt"/>
          <line num="18" count="3" type="stmt"/>
          <line num="21" count="1" type="stmt"/>
          <line num="24" count="1" type="stmt"/>
          <line num="29" count="10" type="stmt"/>
          <line num="32" count="9" type="stmt"/>
          <line num="35" count="5" type="stmt"/>
          <line num="38" count="5" type="stmt"/>
        </file>
        <file name="CollisionDetection.js" path="C:\Users\bergu\Desktop\LudumGameEngine\src\gameEngine\components\CollisionDetection.js">
          <metrics statements="15" coveredstatements="15" conditionals="6" coveredconditionals="6" methods="4" coveredmethods="4"/>
          <line num="3" count="11" type="stmt"/>
          <line num="4" count="11" type="stmt"/>
          <line num="5" count="11" type="stmt"/>
          <line num="10" count="2" type="stmt"/>
          <line num="14" count="1" type="stmt"/>
          <line num="19" count="2" type="stmt"/>
          <line num="20" count="2" type="stmt"/>
          <line num="21" count="2" type="stmt"/>
          <line num="27" count="2" type="stmt"/>
          <line num="34" count="2" type="cond" truecount="2" falsecount="0"/>
          <line num="40" count="1" type="stmt"/>
          <line num="41" count="1" type="stmt"/>
          <line num="46" count="1" type="stmt"/>
          <line num="48" count="1" type="stmt"/>
          <line num="49" count="1" type="stmt"/>
        </file>
        <file name="ImageRender.js" path="C:\Users\bergu\Desktop\LudumGameEngine\src\gameEngine\components\ImageRender.js">
          <metrics statements="5" coveredstatements="2" conditionals="0" coveredconditionals="0" methods="2" coveredmethods="1"/>
          <line num="5" count="1" type="stmt"/>
          <line num="6" count="1" type="stmt"/>
          <line num="10" count="0" type="stmt"/>
          <line num="19" count="0" type="stmt"/>
          <line num="26" count="0" type="stmt"/>
        </file>
        <file name="Physics.js" path="C:\Users\bergu\Desktop\LudumGameEngine\src\gameEngine\components\Physics.js">
          <metrics statements="12" coveredstatements="12" conditionals="0" coveredconditionals="0" methods="7" coveredmethods="7"/>
          <line num="3" count="10" type="stmt"/>
          <line num="4" count="10" type="stmt"/>
          <line num="5" count="10" type="stmt"/>
          <line num="10" count="1" type="stmt"/>
          <line num="13" count="1" type="stmt"/>
          <line num="16" count="1" type="stmt"/>
          <line num="21" count="6" type="stmt"/>
          <line num="24" count="6" type="stmt"/>
          <line num="28" count="2" type="stmt"/>
          <line num="29" count="2" type="stmt"/>
          <line num="31" count="2" type="stmt"/>
          <line num="32" count="2" type="stmt"/>
        </file>
        <file name="Sprite.js" path="C:\Users\bergu\Desktop\LudumGameEngine\src\gameEngine\components\Sprite.js">
          <metrics statements="42" coveredstatements="28" conditionals="6" coveredconditionals="0" methods="4" coveredmethods="3"/>
          <line num="13" count="3" type="stmt"/>
          <line num="14" count="3" type="stmt"/>
          <line num="15" count="3" type="stmt"/>
          <line num="16" count="3" type="stmt"/>
          <line num="17" count="3" type="stmt"/>
          <line num="18" count="3" type="stmt"/>
          <line num="19" count="3" type="stmt"/>
          <line num="20" count="3" type="stmt"/>
          <line num="22" count="3" type="stmt"/>
          <line num="23" count="13" type="stmt"/>
          <line num="24" count="88" type="stmt"/>
          <line num="25" count="88" type="stmt"/>
          <line num="31" count="3" type="stmt"/>
          <line num="32" count="3" type="stmt"/>
          <line num="33" count="3" type="stmt"/>
          <line num="34" count="3" type="stmt"/>
          <line num="35" count="3" type="stmt"/>
          <line num="38" count="3" type="stmt"/>
          <line num="39" count="3" type="stmt"/>
          <line num="40" count="3" type="stmt"/>
          <line num="41" count="3" type="stmt"/>
          <line num="42" count="3" type="stmt"/>
          <line num="43" count="3" type="stmt"/>
          <line num="45" count="3" type="stmt"/>
          <line num="49" count="0" type="stmt"/>
          <line num="50" count="0" type="stmt"/>
          <line num="52" count="0" type="cond" truecount="0" falsecount="2"/>
          <line num="53" count="0" type="stmt"/>
          <line num="55" count="0" type="stmt"/>
          <line num="57" count="0" type="cond" truecount="0" falsecount="2"/>
          <line num="58" count="0" type="stmt"/>
          <line num="59" count="0" type="stmt"/>
          <line num="60" count="0" type="stmt"/>
          <line num="66" count="0" type="cond" truecount="0" falsecount="2"/>
          <line num="67" count="0" type="stmt"/>
          <line num="69" count="0" type="stmt"/>
          <line num="72" count="0" type="stmt"/>
          <line num="75" count="0" type="stmt"/>
          <line num="79" count="1" type="stmt"/>
          <line num="83" count="1" type="stmt"/>
          <line num="92" count="1" type="stmt"/>
          <line num="99" count="1" type="stmt"/>
        </file>
      </package>
      <package name="utils">
        <metrics statements="5" coveredstatements="3" conditionals="0" coveredconditionals="0" methods="5" coveredmethods="3"/>
        <file name="ResourceManager.js" path="C:\Users\bergu\Desktop\LudumGameEngine\src\utils\ResourceManager.js">
          <metrics statements="5" coveredstatements="3" conditionals="0" coveredconditionals="0" methods="5" coveredmethods="3"/>
          <line num="15" count="0" type="stmt"/>
          <line num="25" count="0" type="stmt"/>
          <line num="30" count="2" type="stmt"/>
          <line num="34" count="10" type="stmt"/>
          <line num="38" count="3" type="stmt"/>
        </file>
      </package>
    </metrics>
  </project>
</coverage>
