{"C:\\Users\\bergu\\Desktop\\LudumGameEngine\\src\\gameEngine\\Entity.js": {"path":"C:\\Users\\bergu\\Desktop\\LudumGameEngine\\src\\gameEngine\\Entity.js","statementMap":{"0":{"start":{"line":12,"column":4},"end":{"line":12,"column":21}},"1":{"start":{"line":13,"column":4},"end":{"line":13,"column":27}},"2":{"start":{"line":16,"column":4},"end":{"line":21,"column":5}},"3":{"start":{"line":17,"column":6},"end":{"line":17,"column":23}},"4":{"start":{"line":20,"column":6},"end":{"line":20,"column":45}},"5":{"start":{"line":24,"column":4},"end":{"line":29,"column":5}},"6":{"start":{"line":25,"column":6},"end":{"line":25,"column":29}},"7":{"start":{"line":28,"column":6},"end":{"line":28,"column":48}},"8":{"start":{"line":32,"column":4},"end":{"line":37,"column":5}},"9":{"start":{"line":33,"column":6},"end":{"line":33,"column":51}},"10":{"start":{"line":36,"column":6},"end":{"line":36,"column":59}},"11":{"start":{"line":40,"column":4},"end":{"line":45,"column":5}},"12":{"start":{"line":41,"column":6},"end":{"line":41,"column":39}},"13":{"start":{"line":44,"column":6},"end":{"line":44,"column":53}},"14":{"start":{"line":48,"column":4},"end":{"line":53,"column":5}},"15":{"start":{"line":49,"column":6},"end":{"line":49,"column":27}},"16":{"start":{"line":52,"column":6},"end":{"line":52,"column":47}},"17":{"start":{"line":55,"column":4},"end":{"line":60,"column":5}},"18":{"start":{"line":56,"column":6},"end":{"line":56,"column":25}},"19":{"start":{"line":57,"column":6},"end":{"line":57,"column":44}},"20":{"start":{"line":59,"column":6},"end":{"line":59,"column":46}},"21":{"start":{"line":64,"column":4},"end":{"line":64,"column":16}},"22":{"start":{"line":68,"column":4},"end":{"line":68,"column":21}},"23":{"start":{"line":72,"column":4},"end":{"line":72,"column":21}},"24":{"start":{"line":76,"column":4},"end":{"line":76,"column":24}},"25":{"start":{"line":80,"column":4},"end":{"line":80,"column":35}},"26":{"start":{"line":84,"column":4},"end":{"line":84,"column":29}},"27":{"start":{"line":88,"column":4},"end":{"line":88,"column":23}},"28":{"start":{"line":92,"column":4},"end":{"line":92,"column":22}},"29":{"start":{"line":96,"column":4},"end":{"line":96,"column":26}},"30":{"start":{"line":100,"column":18},"end":{"line":113,"column":5}},"31":{"start":{"line":114,"column":4},"end":{"line":114,"column":17}}},"fnMap":{"0":{"name":"(anonymous_0)","decl":{"start":{"line":2,"column":2},"end":{"line":2,"column":3}},"loc":{"start":{"line":10,"column":4},"end":{"line":61,"column":3}},"line":10},"1":{"name":"(anonymous_1)","decl":{"start":{"line":63,"column":2},"end":{"line":63,"column":3}},"loc":{"start":{"line":63,"column":14},"end":{"line":65,"column":3}},"line":63},"2":{"name":"(anonymous_2)","decl":{"start":{"line":67,"column":2},"end":{"line":67,"column":3}},"loc":{"start":{"line":67,"column":12},"end":{"line":69,"column":3}},"line":67},"3":{"name":"(anonymous_3)","decl":{"start":{"line":71,"column":2},"end":{"line":71,"column":3}},"loc":{"start":{"line":71,"column":12},"end":{"line":73,"column":3}},"line":71},"4":{"name":"(anonymous_4)","decl":{"start":{"line":75,"column":2},"end":{"line":75,"column":3}},"loc":{"start":{"line":75,"column":15},"end":{"line":77,"column":3}},"line":75},"5":{"name":"(anonymous_5)","decl":{"start":{"line":79,"column":2},"end":{"line":79,"column":3}},"loc":{"start":{"line":79,"column":26},"end":{"line":81,"column":3}},"line":79},"6":{"name":"(anonymous_6)","decl":{"start":{"line":83,"column":2},"end":{"line":83,"column":3}},"loc":{"start":{"line":83,"column":20},"end":{"line":85,"column":3}},"line":83},"7":{"name":"(anonymous_7)","decl":{"start":{"line":87,"column":2},"end":{"line":87,"column":3}},"loc":{"start":{"line":87,"column":14},"end":{"line":89,"column":3}},"line":87},"8":{"name":"(anonymous_8)","decl":{"start":{"line":91,"column":2},"end":{"line":91,"column":3}},"loc":{"start":{"line":91,"column":13},"end":{"line":93,"column":3}},"line":91},"9":{"name":"(anonymous_9)","decl":{"start":{"line":95,"column":2},"end":{"line":95,"column":3}},"loc":{"start":{"line":95,"column":11},"end":{"line":97,"column":3}},"line":95},"10":{"name":"(anonymous_10)","decl":{"start":{"line":99,"column":2},"end":{"line":99,"column":3}},"loc":{"start":{"line":99,"column":19},"end":{"line":115,"column":3}},"line":99}},"branchMap":{"0":{"loc":{"start":{"line":16,"column":4},"end":{"line":21,"column":5}},"type":"if","locations":[{"start":{"line":16,"column":4},"end":{"line":21,"column":5}},{"start":{"line":16,"column":4},"end":{"line":21,"column":5}}],"line":16},"1":{"loc":{"start":{"line":24,"column":4},"end":{"line":29,"column":5}},"type":"if","locations":[{"start":{"line":24,"column":4},"end":{"line":29,"column":5}},{"start":{"line":24,"column":4},"end":{"line":29,"column":5}}],"line":24},"2":{"loc":{"start":{"line":32,"column":4},"end":{"line":37,"column":5}},"type":"if","locations":[{"start":{"line":32,"column":4},"end":{"line":37,"column":5}},{"start":{"line":32,"column":4},"end":{"line":37,"column":5}}],"line":32},"3":{"loc":{"start":{"line":40,"column":4},"end":{"line":45,"column":5}},"type":"if","locations":[{"start":{"line":40,"column":4},"end":{"line":45,"column":5}},{"start":{"line":40,"column":4},"end":{"line":45,"column":5}}],"line":40},"4":{"loc":{"start":{"line":48,"column":4},"end":{"line":53,"column":5}},"type":"if","locations":[{"start":{"line":48,"column":4},"end":{"line":53,"column":5}},{"start":{"line":48,"column":4},"end":{"line":53,"column":5}}],"line":48},"5":{"loc":{"start":{"line":55,"column":4},"end":{"line":60,"column":5}},"type":"if","locations":[{"start":{"line":55,"column":4},"end":{"line":60,"column":5}},{"start":{"line":55,"column":4},"end":{"line":60,"column":5}}],"line":55}},"s":{"0":7,"1":7,"2":7,"3":7,"4":0,"5":7,"6":7,"7":0,"8":7,"9":7,"10":0,"11":7,"12":0,"13":7,"14":7,"15":0,"16":7,"17":7,"18":7,"19":7,"20":0,"21":0,"22":0,"23":5,"24":5,"25":5,"26":0,"27":0,"28":0,"29":1,"30":4,"31":4},"f":{"0":7,"1":0,"2":0,"3":5,"4":5,"5":5,"6":0,"7":0,"8":0,"9":1,"10":4},"b":{"0":[7,0],"1":[7,0],"2":[7,0],"3":[0,7],"4":[0,7],"5":[7,0]},"_coverageSchema":"332fd63041d2c1bcb487cc26dd0d5f7d97098a6c","hash":"ec4bef478d2e361243fc010e09a977918ed5ebb6"}
,"C:\\Users\\bergu\\Desktop\\LudumGameEngine\\src\\gameEngine\\components\\AudioManager.js": {"path":"C:\\Users\\bergu\\Desktop\\LudumGameEngine\\src\\gameEngine\\components\\AudioManager.js","statementMap":{"0":{"start":{"line":3,"column":4},"end":{"line":3,"column":33}},"1":{"start":{"line":7,"column":4},"end":{"line":12,"column":5}},"2":{"start":{"line":8,"column":6},"end":{"line":8,"column":43}},"3":{"start":{"line":10,"column":6},"end":{"line":10,"column":36}},"4":{"start":{"line":11,"column":6},"end":{"line":11,"column":16}}},"fnMap":{"0":{"name":"(anonymous_0)","decl":{"start":{"line":2,"column":2},"end":{"line":2,"column":3}},"loc":{"start":{"line":2,"column":22},"end":{"line":4,"column":3}},"line":2},"1":{"name":"(anonymous_1)","decl":{"start":{"line":6,"column":2},"end":{"line":6,"column":3}},"loc":{"start":{"line":6,"column":14},"end":{"line":13,"column":3}},"line":6}},"branchMap":{"0":{"loc":{"start":{"line":7,"column":4},"end":{"line":12,"column":5}},"type":"if","locations":[{"start":{"line":7,"column":4},"end":{"line":12,"column":5}},{"start":{"line":7,"column":4},"end":{"line":12,"column":5}}],"line":7}},"s":{"0":1,"1":1,"2":0,"3":1,"4":1},"f":{"0":1,"1":1},"b":{"0":[0,1]},"_coverageSchema":"332fd63041d2c1bcb487cc26dd0d5f7d97098a6c","hash":"811ed05bf5d7691d6fcf20071e560a9e6fab8084"}
,"C:\\Users\\bergu\\Desktop\\LudumGameEngine\\src\\gameEngine\\components\\Body.js": {"path":"C:\\Users\\bergu\\Desktop\\LudumGameEngine\\src\\gameEngine\\components\\Body.js","statementMap":{"0":{"start":{"line":3,"column":4},"end":{"line":3,"column":21}},"1":{"start":{"line":4,"column":4},"end":{"line":4,"column":19}},"2":{"start":{"line":5,"column":4},"end":{"line":5,"column":25}},"3":{"start":{"line":6,"column":4},"end":{"line":6,"column":23}},"4":{"start":{"line":7,"column":4},"end":{"line":7,"column":25}},"5":{"start":{"line":12,"column":4},"end":{"line":12,"column":25}},"6":{"start":{"line":15,"column":4},"end":{"line":15,"column":22}},"7":{"start":{"line":18,"column":4},"end":{"line":18,"column":21}},"8":{"start":{"line":21,"column":4},"end":{"line":21,"column":24}},"9":{"start":{"line":24,"column":4},"end":{"line":24,"column":23}},"10":{"start":{"line":29,"column":4},"end":{"line":29,"column":21}},"11":{"start":{"line":32,"column":4},"end":{"line":32,"column":20}},"12":{"start":{"line":35,"column":4},"end":{"line":35,"column":23}},"13":{"start":{"line":38,"column":4},"end":{"line":38,"column":22}}},"fnMap":{"0":{"name":"(anonymous_0)","decl":{"start":{"line":2,"column":2},"end":{"line":2,"column":3}},"loc":{"start":{"line":2,"column":48},"end":{"line":8,"column":3}},"line":2},"1":{"name":"(anonymous_1)","decl":{"start":{"line":11,"column":2},"end":{"line":11,"column":3}},"loc":{"start":{"line":11,"column":20},"end":{"line":13,"column":3}},"line":11},"2":{"name":"(anonymous_2)","decl":{"start":{"line":14,"column":2},"end":{"line":14,"column":3}},"loc":{"start":{"line":14,"column":17},"end":{"line":16,"column":3}},"line":14},"3":{"name":"(anonymous_3)","decl":{"start":{"line":17,"column":2},"end":{"line":17,"column":3}},"loc":{"start":{"line":17,"column":16},"end":{"line":19,"column":3}},"line":17},"4":{"name":"(anonymous_4)","decl":{"start":{"line":20,"column":2},"end":{"line":20,"column":3}},"loc":{"start":{"line":20,"column":19},"end":{"line":22,"column":3}},"line":20},"5":{"name":"(anonymous_5)","decl":{"start":{"line":23,"column":2},"end":{"line":23,"column":3}},"loc":{"start":{"line":23,"column":18},"end":{"line":25,"column":3}},"line":23},"6":{"name":"(anonymous_6)","decl":{"start":{"line":28,"column":2},"end":{"line":28,"column":3}},"loc":{"start":{"line":28,"column":12},"end":{"line":30,"column":3}},"line":28},"7":{"name":"(anonymous_7)","decl":{"start":{"line":31,"column":2},"end":{"line":31,"column":3}},"loc":{"start":{"line":31,"column":11},"end":{"line":33,"column":3}},"line":31},"8":{"name":"(anonymous_8)","decl":{"start":{"line":34,"column":2},"end":{"line":34,"column":3}},"loc":{"start":{"line":34,"column":14},"end":{"line":36,"column":3}},"line":34},"9":{"name":"(anonymous_9)","decl":{"start":{"line":37,"column":2},"end":{"line":37,"column":3}},"loc":{"start":{"line":37,"column":13},"end":{"line":39,"column":3}},"line":37}},"branchMap":{},"s":{"0":8,"1":8,"2":8,"3":8,"4":8,"5":1,"6":2,"7":2,"8":1,"9":1,"10":6,"11":5,"12":4,"13":4},"f":{"0":8,"1":1,"2":2,"3":2,"4":1,"5":1,"6":6,"7":5,"8":4,"9":4},"b":{},"_coverageSchema":"332fd63041d2c1bcb487cc26dd0d5f7d97098a6c","hash":"a19b5fd2a65e13a346610bacef81933154f60120"}
,"C:\\Users\\bergu\\Desktop\\LudumGameEngine\\src\\gameEngine\\components\\CollisionDetection.js": {"path":"C:\\Users\\bergu\\Desktop\\LudumGameEngine\\src\\gameEngine\\components\\CollisionDetection.js","statementMap":{"0":{"start":{"line":3,"column":4},"end":{"line":3,"column":25}},"1":{"start":{"line":4,"column":4},"end":{"line":4,"column":22}},"2":{"start":{"line":5,"column":4},"end":{"line":5,"column":19}},"3":{"start":{"line":10,"column":4},"end":{"line":10,"column":21}},"4":{"start":{"line":14,"column":4},"end":{"line":14,"column":21}},"5":{"start":{"line":19,"column":17},"end":{"line":19,"column":45}},"6":{"start":{"line":20,"column":17},"end":{"line":20,"column":45}},"7":{"start":{"line":21,"column":16},"end":{"line":26,"column":5}},"8":{"start":{"line":27,"column":16},"end":{"line":32,"column":5}},"9":{"start":{"line":34,"column":4},"end":{"line":50,"column":5}},"10":{"start":{"line":40,"column":6},"end":{"line":40,"column":23}},"11":{"start":{"line":41,"column":6},"end":{"line":41,"column":30}},"12":{"start":{"line":46,"column":6},"end":{"line":46,"column":23}},"13":{"start":{"line":48,"column":6},"end":{"line":48,"column":24}},"14":{"start":{"line":49,"column":6},"end":{"line":49,"column":23}}},"fnMap":{"0":{"name":"(anonymous_0)","decl":{"start":{"line":2,"column":2},"end":{"line":2,"column":3}},"loc":{"start":{"line":2,"column":22},"end":{"line":6,"column":3}},"line":2},"1":{"name":"(anonymous_1)","decl":{"start":{"line":9,"column":2},"end":{"line":9,"column":3}},"loc":{"start":{"line":9,"column":12},"end":{"line":11,"column":3}},"line":9},"2":{"name":"(anonymous_2)","decl":{"start":{"line":13,"column":2},"end":{"line":13,"column":3}},"loc":{"start":{"line":13,"column":12},"end":{"line":15,"column":3}},"line":13},"3":{"name":"(anonymous_3)","decl":{"start":{"line":18,"column":2},"end":{"line":18,"column":3}},"loc":{"start":{"line":18,"column":33},"end":{"line":51,"column":3}},"line":18}},"branchMap":{"0":{"loc":{"start":{"line":34,"column":4},"end":{"line":50,"column":5}},"type":"if","locations":[{"start":{"line":34,"column":4},"end":{"line":50,"column":5}},{"start":{"line":34,"column":4},"end":{"line":50,"column":5}}],"line":34},"1":{"loc":{"start":{"line":35,"column":6},"end":{"line":38,"column":38}},"type":"binary-expr","locations":[{"start":{"line":35,"column":6},"end":{"line":35,"column":37}},{"start":{"line":36,"column":6},"end":{"line":36,"column":37}},{"start":{"line":37,"column":6},"end":{"line":37,"column":38}},{"start":{"line":38,"column":6},"end":{"line":38,"column":38}}],"line":35}},"s":{"0":7,"1":7,"2":7,"3":2,"4":1,"5":2,"6":2,"7":2,"8":2,"9":2,"10":1,"11":1,"12":1,"13":1,"14":1},"f":{"0":7,"1":2,"2":1,"3":2},"b":{"0":[1,1],"1":[2,2,1,1]},"_coverageSchema":"332fd63041d2c1bcb487cc26dd0d5f7d97098a6c","hash":"dc5f722e9a577e3858fb60d77bacb756bc2961bc"}
,"C:\\Users\\bergu\\Desktop\\LudumGameEngine\\src\\gameEngine\\components\\Physics.js": {"path":"C:\\Users\\bergu\\Desktop\\LudumGameEngine\\src\\gameEngine\\components\\Physics.js","statementMap":{"0":{"start":{"line":4,"column":4},"end":{"line":4,"column":21}},"1":{"start":{"line":5,"column":4},"end":{"line":5,"column":19}},"2":{"start":{"line":6,"column":4},"end":{"line":6,"column":25}},"3":{"start":{"line":11,"column":4},"end":{"line":11,"column":25}},"4":{"start":{"line":14,"column":4},"end":{"line":14,"column":22}},"5":{"start":{"line":17,"column":4},"end":{"line":17,"column":21}},"6":{"start":{"line":22,"column":4},"end":{"line":22,"column":21}},"7":{"start":{"line":25,"column":4},"end":{"line":25,"column":20}},"8":{"start":{"line":29,"column":16},"end":{"line":29,"column":47}},"9":{"start":{"line":30,"column":16},"end":{"line":30,"column":46}},"10":{"start":{"line":32,"column":4},"end":{"line":32,"column":53}},"11":{"start":{"line":33,"column":4},"end":{"line":33,"column":51}}},"fnMap":{"0":{"name":"(anonymous_0)","decl":{"start":{"line":3,"column":2},"end":{"line":3,"column":3}},"loc":{"start":{"line":3,"column":33},"end":{"line":7,"column":3}},"line":3},"1":{"name":"(anonymous_1)","decl":{"start":{"line":10,"column":2},"end":{"line":10,"column":3}},"loc":{"start":{"line":10,"column":20},"end":{"line":12,"column":3}},"line":10},"2":{"name":"(anonymous_2)","decl":{"start":{"line":13,"column":2},"end":{"line":13,"column":3}},"loc":{"start":{"line":13,"column":17},"end":{"line":15,"column":3}},"line":13},"3":{"name":"(anonymous_3)","decl":{"start":{"line":16,"column":2},"end":{"line":16,"column":3}},"loc":{"start":{"line":16,"column":16},"end":{"line":18,"column":3}},"line":16},"4":{"name":"(anonymous_4)","decl":{"start":{"line":21,"column":2},"end":{"line":21,"column":3}},"loc":{"start":{"line":21,"column":12},"end":{"line":23,"column":3}},"line":21},"5":{"name":"(anonymous_5)","decl":{"start":{"line":24,"column":2},"end":{"line":24,"column":3}},"loc":{"start":{"line":24,"column":11},"end":{"line":26,"column":3}},"line":24},"6":{"name":"(anonymous_6)","decl":{"start":{"line":28,"column":11},"end":{"line":28,"column":12}},"loc":{"start":{"line":28,"column":17},"end":{"line":34,"column":3}},"line":28}},"branchMap":{},"s":{"0":7,"1":7,"2":7,"3":1,"4":1,"5":1,"6":5,"7":5,"8":1,"9":1,"10":1,"11":1},"f":{"0":7,"1":1,"2":1,"3":1,"4":5,"5":5,"6":1},"b":{},"_coverageSchema":"332fd63041d2c1bcb487cc26dd0d5f7d97098a6c","hash":"d2fbe9aa126b56c44952150782c79bc707761c86"}
,"C:\\Users\\bergu\\Desktop\\LudumGameEngine\\src\\utils\\ResourceManager.js": {"path":"C:\\Users\\bergu\\Desktop\\LudumGameEngine\\src\\utils\\ResourceManager.js","statementMap":{"0":{"start":{"line":15,"column":4},"end":{"line":17,"column":6}},"1":{"start":{"line":27,"column":4},"end":{"line":27,"column":65}},"2":{"start":{"line":32,"column":4},"end":{"line":32,"column":50}},"3":{"start":{"line":36,"column":4},"end":{"line":36,"column":49}},"4":{"start":{"line":40,"column":4},"end":{"line":40,"column":51}}},"fnMap":{"0":{"name":"(anonymous_0)","decl":{"start":{"line":14,"column":27},"end":{"line":14,"column":28}},"loc":{"start":{"line":14,"column":35},"end":{"line":18,"column":3}},"line":14},"1":{"name":"(anonymous_1)","decl":{"start":{"line":24,"column":27},"end":{"line":24,"column":28}},"loc":{"start":{"line":24,"column":35},"end":{"line":28,"column":3}},"line":24},"2":{"name":"(anonymous_2)","decl":{"start":{"line":31,"column":24},"end":{"line":31,"column":25}},"loc":{"start":{"line":31,"column":32},"end":{"line":33,"column":3}},"line":31},"3":{"name":"(anonymous_3)","decl":{"start":{"line":35,"column":24},"end":{"line":35,"column":25}},"loc":{"start":{"line":35,"column":32},"end":{"line":37,"column":3}},"line":35},"4":{"name":"(anonymous_4)","decl":{"start":{"line":39,"column":25},"end":{"line":39,"column":26}},"loc":{"start":{"line":39,"column":33},"end":{"line":41,"column":3}},"line":39}},"branchMap":{},"s":{"0":0,"1":0,"2":1,"3":4,"4":0},"f":{"0":0,"1":0,"2":1,"3":4,"4":0},"b":{},"_coverageSchema":"332fd63041d2c1bcb487cc26dd0d5f7d97098a6c","hash":"e6fc400c1e10f754978663dea5a6dfb4741b2fc3"}
}
