{"C:\\Users\\bergu\\Desktop\\LudumGameEngine\\src\\gameEngine\\Entity.js": {"path":"C:\\Users\\bergu\\Desktop\\LudumGameEngine\\src\\gameEngine\\Entity.js","statementMap":{"0":{"start":{"line":12,"column":4},"end":{"line":12,"column":21}},"1":{"start":{"line":13,"column":4},"end":{"line":13,"column":27}},"2":{"start":{"line":16,"column":4},"end":{"line":22,"column":5}},"3":{"start":{"line":17,"column":6},"end":{"line":17,"column":23}},"4":{"start":{"line":20,"column":6},"end":{"line":20,"column":23}},"5":{"start":{"line":21,"column":6},"end":{"line":21,"column":45}},"6":{"start":{"line":25,"column":4},"end":{"line":31,"column":5}},"7":{"start":{"line":26,"column":6},"end":{"line":26,"column":29}},"8":{"start":{"line":29,"column":6},"end":{"line":29,"column":26}},"9":{"start":{"line":30,"column":6},"end":{"line":30,"column":48}},"10":{"start":{"line":34,"column":4},"end":{"line":40,"column":5}},"11":{"start":{"line":35,"column":6},"end":{"line":35,"column":51}},"12":{"start":{"line":38,"column":6},"end":{"line":38,"column":37}},"13":{"start":{"line":39,"column":6},"end":{"line":39,"column":59}},"14":{"start":{"line":43,"column":4},"end":{"line":49,"column":5}},"15":{"start":{"line":44,"column":6},"end":{"line":44,"column":39}},"16":{"start":{"line":47,"column":6},"end":{"line":47,"column":31}},"17":{"start":{"line":48,"column":6},"end":{"line":48,"column":53}},"18":{"start":{"line":52,"column":4},"end":{"line":58,"column":5}},"19":{"start":{"line":53,"column":6},"end":{"line":53,"column":27}},"20":{"start":{"line":56,"column":6},"end":{"line":56,"column":25}},"21":{"start":{"line":57,"column":6},"end":{"line":57,"column":47}},"22":{"start":{"line":60,"column":4},"end":{"line":66,"column":5}},"23":{"start":{"line":61,"column":6},"end":{"line":61,"column":25}},"24":{"start":{"line":62,"column":6},"end":{"line":62,"column":44}},"25":{"start":{"line":64,"column":6},"end":{"line":64,"column":24}},"26":{"start":{"line":65,"column":6},"end":{"line":65,"column":46}},"27":{"start":{"line":70,"column":4},"end":{"line":70,"column":16}},"28":{"start":{"line":74,"column":4},"end":{"line":74,"column":21}},"29":{"start":{"line":78,"column":4},"end":{"line":78,"column":21}},"30":{"start":{"line":82,"column":4},"end":{"line":82,"column":24}},"31":{"start":{"line":86,"column":4},"end":{"line":86,"column":35}},"32":{"start":{"line":90,"column":4},"end":{"line":90,"column":29}},"33":{"start":{"line":94,"column":4},"end":{"line":94,"column":23}},"34":{"start":{"line":98,"column":4},"end":{"line":98,"column":22}},"35":{"start":{"line":102,"column":4},"end":{"line":102,"column":26}},"36":{"start":{"line":106,"column":18},"end":{"line":119,"column":5}},"37":{"start":{"line":120,"column":4},"end":{"line":120,"column":17}}},"fnMap":{"0":{"name":"(anonymous_0)","decl":{"start":{"line":2,"column":2},"end":{"line":2,"column":3}},"loc":{"start":{"line":10,"column":4},"end":{"line":67,"column":3}},"line":10},"1":{"name":"(anonymous_1)","decl":{"start":{"line":69,"column":2},"end":{"line":69,"column":3}},"loc":{"start":{"line":69,"column":14},"end":{"line":71,"column":3}},"line":69},"2":{"name":"(anonymous_2)","decl":{"start":{"line":73,"column":2},"end":{"line":73,"column":3}},"loc":{"start":{"line":73,"column":12},"end":{"line":75,"column":3}},"line":73},"3":{"name":"(anonymous_3)","decl":{"start":{"line":77,"column":2},"end":{"line":77,"column":3}},"loc":{"start":{"line":77,"column":12},"end":{"line":79,"column":3}},"line":77},"4":{"name":"(anonymous_4)","decl":{"start":{"line":81,"column":2},"end":{"line":81,"column":3}},"loc":{"start":{"line":81,"column":15},"end":{"line":83,"column":3}},"line":81},"5":{"name":"(anonymous_5)","decl":{"start":{"line":85,"column":2},"end":{"line":85,"column":3}},"loc":{"start":{"line":85,"column":26},"end":{"line":87,"column":3}},"line":85},"6":{"name":"(anonymous_6)","decl":{"start":{"line":89,"column":2},"end":{"line":89,"column":3}},"loc":{"start":{"line":89,"column":20},"end":{"line":91,"column":3}},"line":89},"7":{"name":"(anonymous_7)","decl":{"start":{"line":93,"column":2},"end":{"line":93,"column":3}},"loc":{"start":{"line":93,"column":14},"end":{"line":95,"column":3}},"line":93},"8":{"name":"(anonymous_8)","decl":{"start":{"line":97,"column":2},"end":{"line":97,"column":3}},"loc":{"start":{"line":97,"column":13},"end":{"line":99,"column":3}},"line":97},"9":{"name":"(anonymous_9)","decl":{"start":{"line":101,"column":2},"end":{"line":101,"column":3}},"loc":{"start":{"line":101,"column":11},"end":{"line":103,"column":3}},"line":101},"10":{"name":"(anonymous_10)","decl":{"start":{"line":105,"column":2},"end":{"line":105,"column":3}},"loc":{"start":{"line":105,"column":19},"end":{"line":121,"column":3}},"line":105}},"branchMap":{"0":{"loc":{"start":{"line":16,"column":4},"end":{"line":22,"column":5}},"type":"if","locations":[{"start":{"line":16,"column":4},"end":{"line":22,"column":5}},{"start":{"line":16,"column":4},"end":{"line":22,"column":5}}],"line":16},"1":{"loc":{"start":{"line":25,"column":4},"end":{"line":31,"column":5}},"type":"if","locations":[{"start":{"line":25,"column":4},"end":{"line":31,"column":5}},{"start":{"line":25,"column":4},"end":{"line":31,"column":5}}],"line":25},"2":{"loc":{"start":{"line":34,"column":4},"end":{"line":40,"column":5}},"type":"if","locations":[{"start":{"line":34,"column":4},"end":{"line":40,"column":5}},{"start":{"line":34,"column":4},"end":{"line":40,"column":5}}],"line":34},"3":{"loc":{"start":{"line":43,"column":4},"end":{"line":49,"column":5}},"type":"if","locations":[{"start":{"line":43,"column":4},"end":{"line":49,"column":5}},{"start":{"line":43,"column":4},"end":{"line":49,"column":5}}],"line":43},"4":{"loc":{"start":{"line":52,"column":4},"end":{"line":58,"column":5}},"type":"if","locations":[{"start":{"line":52,"column":4},"end":{"line":58,"column":5}},{"start":{"line":52,"column":4},"end":{"line":58,"column":5}}],"line":52},"5":{"loc":{"start":{"line":60,"column":4},"end":{"line":66,"column":5}},"type":"if","locations":[{"start":{"line":60,"column":4},"end":{"line":66,"column":5}},{"start":{"line":60,"column":4},"end":{"line":66,"column":5}}],"line":60}},"s":{"0":9,"1":9,"2":9,"3":9,"4":0,"5":0,"6":9,"7":9,"8":0,"9":0,"10":9,"11":9,"12":0,"13":0,"14":9,"15":2,"16":7,"17":7,"18":9,"19":2,"20":7,"21":7,"22":9,"23":7,"24":7,"25":2,"26":2,"27":1,"28":1,"29":6,"30":5,"31":5,"32":2,"33":1,"34":1,"35":2,"36":4,"37":4},"f":{"0":9,"1":1,"2":1,"3":6,"4":5,"5":5,"6":2,"7":1,"8":1,"9":2,"10":4},"b":{"0":[9,0],"1":[9,0],"2":[9,0],"3":[2,7],"4":[2,7],"5":[7,2]},"_coverageSchema":"332fd63041d2c1bcb487cc26dd0d5f7d97098a6c","hash":"58aadb7651308e96c7279db4bf1f04c0e27d7e03"}
,"C:\\Users\\bergu\\Desktop\\LudumGameEngine\\src\\gameEngine\\components\\AudioManager.js": {"path":"C:\\Users\\bergu\\Desktop\\LudumGameEngine\\src\\gameEngine\\components\\AudioManager.js","statementMap":{"0":{"start":{"line":3,"column":4},"end":{"line":3,"column":33}},"1":{"start":{"line":7,"column":4},"end":{"line":12,"column":5}},"2":{"start":{"line":8,"column":6},"end":{"line":8,"column":43}},"3":{"start":{"line":10,"column":6},"end":{"line":10,"column":36}},"4":{"start":{"line":11,"column":6},"end":{"line":11,"column":16}}},"fnMap":{"0":{"name":"(anonymous_0)","decl":{"start":{"line":2,"column":2},"end":{"line":2,"column":3}},"loc":{"start":{"line":2,"column":22},"end":{"line":4,"column":3}},"line":2},"1":{"name":"(anonymous_1)","decl":{"start":{"line":6,"column":2},"end":{"line":6,"column":3}},"loc":{"start":{"line":6,"column":14},"end":{"line":13,"column":3}},"line":6}},"branchMap":{"0":{"loc":{"start":{"line":7,"column":4},"end":{"line":12,"column":5}},"type":"if","locations":[{"start":{"line":7,"column":4},"end":{"line":12,"column":5}},{"start":{"line":7,"column":4},"end":{"line":12,"column":5}}],"line":7}},"s":{"0":3,"1":1,"2":0,"3":1,"4":1},"f":{"0":3,"1":1},"b":{"0":[0,1]},"_coverageSchema":"332fd63041d2c1bcb487cc26dd0d5f7d97098a6c","hash":"811ed05bf5d7691d6fcf20071e560a9e6fab8084"}
,"C:\\Users\\bergu\\Desktop\\LudumGameEngine\\src\\gameEngine\\components\\Body.js": {"path":"C:\\Users\\bergu\\Desktop\\LudumGameEngine\\src\\gameEngine\\components\\Body.js","statementMap":{"0":{"start":{"line":3,"column":4},"end":{"line":3,"column":21}},"1":{"start":{"line":4,"column":4},"end":{"line":4,"column":19}},"2":{"start":{"line":5,"column":4},"end":{"line":5,"column":25}},"3":{"start":{"line":6,"column":4},"end":{"line":6,"column":23}},"4":{"start":{"line":7,"column":4},"end":{"line":7,"column":25}},"5":{"start":{"line":12,"column":4},"end":{"line":12,"column":25}},"6":{"start":{"line":15,"column":4},"end":{"line":15,"column":22}},"7":{"start":{"line":18,"column":4},"end":{"line":18,"column":21}},"8":{"start":{"line":21,"column":4},"end":{"line":21,"column":24}},"9":{"start":{"line":24,"column":4},"end":{"line":24,"column":23}},"10":{"start":{"line":29,"column":4},"end":{"line":29,"column":21}},"11":{"start":{"line":32,"column":4},"end":{"line":32,"column":20}},"12":{"start":{"line":35,"column":4},"end":{"line":35,"column":23}},"13":{"start":{"line":38,"column":4},"end":{"line":38,"column":22}}},"fnMap":{"0":{"name":"(anonymous_0)","decl":{"start":{"line":2,"column":2},"end":{"line":2,"column":3}},"loc":{"start":{"line":2,"column":48},"end":{"line":8,"column":3}},"line":2},"1":{"name":"(anonymous_1)","decl":{"start":{"line":11,"column":2},"end":{"line":11,"column":3}},"loc":{"start":{"line":11,"column":20},"end":{"line":13,"column":3}},"line":11},"2":{"name":"(anonymous_2)","decl":{"start":{"line":14,"column":2},"end":{"line":14,"column":3}},"loc":{"start":{"line":14,"column":17},"end":{"line":16,"column":3}},"line":14},"3":{"name":"(anonymous_3)","decl":{"start":{"line":17,"column":2},"end":{"line":17,"column":3}},"loc":{"start":{"line":17,"column":16},"end":{"line":19,"column":3}},"line":17},"4":{"name":"(anonymous_4)","decl":{"start":{"line":20,"column":2},"end":{"line":20,"column":3}},"loc":{"start":{"line":20,"column":19},"end":{"line":22,"column":3}},"line":20},"5":{"name":"(anonymous_5)","decl":{"start":{"line":23,"column":2},"end":{"line":23,"column":3}},"loc":{"start":{"line":23,"column":18},"end":{"line":25,"column":3}},"line":23},"6":{"name":"(anonymous_6)","decl":{"start":{"line":28,"column":2},"end":{"line":28,"column":3}},"loc":{"start":{"line":28,"column":12},"end":{"line":30,"column":3}},"line":28},"7":{"name":"(anonymous_7)","decl":{"start":{"line":31,"column":2},"end":{"line":31,"column":3}},"loc":{"start":{"line":31,"column":11},"end":{"line":33,"column":3}},"line":31},"8":{"name":"(anonymous_8)","decl":{"start":{"line":34,"column":2},"end":{"line":34,"column":3}},"loc":{"start":{"line":34,"column":14},"end":{"line":36,"column":3}},"line":34},"9":{"name":"(anonymous_9)","decl":{"start":{"line":37,"column":2},"end":{"line":37,"column":3}},"loc":{"start":{"line":37,"column":13},"end":{"line":39,"column":3}},"line":37}},"branchMap":{},"s":{"0":10,"1":10,"2":10,"3":10,"4":10,"5":1,"6":2,"7":2,"8":1,"9":1,"10":6,"11":5,"12":4,"13":4},"f":{"0":10,"1":1,"2":2,"3":2,"4":1,"5":1,"6":6,"7":5,"8":4,"9":4},"b":{},"_coverageSchema":"332fd63041d2c1bcb487cc26dd0d5f7d97098a6c","hash":"a19b5fd2a65e13a346610bacef81933154f60120"}
,"C:\\Users\\bergu\\Desktop\\LudumGameEngine\\src\\gameEngine\\components\\CollisionDetection.js": {"path":"C:\\Users\\bergu\\Desktop\\LudumGameEngine\\src\\gameEngine\\components\\CollisionDetection.js","statementMap":{"0":{"start":{"line":3,"column":4},"end":{"line":3,"column":25}},"1":{"start":{"line":4,"column":4},"end":{"line":4,"column":22}},"2":{"start":{"line":5,"column":4},"end":{"line":5,"column":19}},"3":{"start":{"line":10,"column":4},"end":{"line":10,"column":21}},"4":{"start":{"line":14,"column":4},"end":{"line":14,"column":21}},"5":{"start":{"line":19,"column":17},"end":{"line":19,"column":45}},"6":{"start":{"line":20,"column":17},"end":{"line":20,"column":45}},"7":{"start":{"line":21,"column":16},"end":{"line":26,"column":5}},"8":{"start":{"line":27,"column":16},"end":{"line":32,"column":5}},"9":{"start":{"line":34,"column":4},"end":{"line":50,"column":5}},"10":{"start":{"line":40,"column":6},"end":{"line":40,"column":23}},"11":{"start":{"line":41,"column":6},"end":{"line":41,"column":30}},"12":{"start":{"line":46,"column":6},"end":{"line":46,"column":23}},"13":{"start":{"line":48,"column":6},"end":{"line":48,"column":24}},"14":{"start":{"line":49,"column":6},"end":{"line":49,"column":23}}},"fnMap":{"0":{"name":"(anonymous_0)","decl":{"start":{"line":2,"column":2},"end":{"line":2,"column":3}},"loc":{"start":{"line":2,"column":22},"end":{"line":6,"column":3}},"line":2},"1":{"name":"(anonymous_1)","decl":{"start":{"line":9,"column":2},"end":{"line":9,"column":3}},"loc":{"start":{"line":9,"column":12},"end":{"line":11,"column":3}},"line":9},"2":{"name":"(anonymous_2)","decl":{"start":{"line":13,"column":2},"end":{"line":13,"column":3}},"loc":{"start":{"line":13,"column":12},"end":{"line":15,"column":3}},"line":13},"3":{"name":"(anonymous_3)","decl":{"start":{"line":18,"column":2},"end":{"line":18,"column":3}},"loc":{"start":{"line":18,"column":33},"end":{"line":51,"column":3}},"line":18}},"branchMap":{"0":{"loc":{"start":{"line":34,"column":4},"end":{"line":50,"column":5}},"type":"if","locations":[{"start":{"line":34,"column":4},"end":{"line":50,"column":5}},{"start":{"line":34,"column":4},"end":{"line":50,"column":5}}],"line":34},"1":{"loc":{"start":{"line":35,"column":6},"end":{"line":38,"column":38}},"type":"binary-expr","locations":[{"start":{"line":35,"column":6},"end":{"line":35,"column":37}},{"start":{"line":36,"column":6},"end":{"line":36,"column":37}},{"start":{"line":37,"column":6},"end":{"line":37,"column":38}},{"start":{"line":38,"column":6},"end":{"line":38,"column":38}}],"line":35}},"s":{"0":9,"1":9,"2":9,"3":2,"4":1,"5":2,"6":2,"7":2,"8":2,"9":2,"10":1,"11":1,"12":1,"13":1,"14":1},"f":{"0":9,"1":2,"2":1,"3":2},"b":{"0":[1,1],"1":[2,2,1,1]},"_coverageSchema":"332fd63041d2c1bcb487cc26dd0d5f7d97098a6c","hash":"dc5f722e9a577e3858fb60d77bacb756bc2961bc"}
,"C:\\Users\\bergu\\Desktop\\LudumGameEngine\\src\\gameEngine\\components\\ImageRender.js": {"path":"C:\\Users\\bergu\\Desktop\\LudumGameEngine\\src\\gameEngine\\components\\ImageRender.js","statementMap":{"0":{"start":{"line":5,"column":4},"end":{"line":5,"column":25}},"1":{"start":{"line":6,"column":4},"end":{"line":6,"column":25}},"2":{"start":{"line":10,"column":21},"end":{"line":17,"column":5}},"3":{"start":{"line":19,"column":23},"end":{"line":24,"column":5}},"4":{"start":{"line":26,"column":4},"end":{"line":32,"column":6}}},"fnMap":{"0":{"name":"(anonymous_0)","decl":{"start":{"line":4,"column":2},"end":{"line":4,"column":3}},"loc":{"start":{"line":4,"column":30},"end":{"line":7,"column":3}},"line":4},"1":{"name":"(anonymous_1)","decl":{"start":{"line":9,"column":2},"end":{"line":9,"column":3}},"loc":{"start":{"line":9,"column":11},"end":{"line":33,"column":3}},"line":9}},"branchMap":{},"s":{"0":0,"1":0,"2":0,"3":0,"4":0},"f":{"0":0,"1":0},"b":{},"_coverageSchema":"332fd63041d2c1bcb487cc26dd0d5f7d97098a6c","hash":"afc9fcf539463b22e9b1dd8e8a5605512d99e574"}
,"C:\\Users\\bergu\\Desktop\\LudumGameEngine\\src\\gameEngine\\components\\Physics.js": {"path":"C:\\Users\\bergu\\Desktop\\LudumGameEngine\\src\\gameEngine\\components\\Physics.js","statementMap":{"0":{"start":{"line":4,"column":4},"end":{"line":4,"column":21}},"1":{"start":{"line":5,"column":4},"end":{"line":5,"column":19}},"2":{"start":{"line":6,"column":4},"end":{"line":6,"column":25}},"3":{"start":{"line":11,"column":4},"end":{"line":11,"column":25}},"4":{"start":{"line":14,"column":4},"end":{"line":14,"column":22}},"5":{"start":{"line":17,"column":4},"end":{"line":17,"column":21}},"6":{"start":{"line":22,"column":4},"end":{"line":22,"column":21}},"7":{"start":{"line":25,"column":4},"end":{"line":25,"column":20}},"8":{"start":{"line":29,"column":16},"end":{"line":29,"column":47}},"9":{"start":{"line":30,"column":16},"end":{"line":30,"column":46}},"10":{"start":{"line":32,"column":4},"end":{"line":32,"column":53}},"11":{"start":{"line":33,"column":4},"end":{"line":33,"column":51}}},"fnMap":{"0":{"name":"(anonymous_0)","decl":{"start":{"line":3,"column":2},"end":{"line":3,"column":3}},"loc":{"start":{"line":3,"column":33},"end":{"line":7,"column":3}},"line":3},"1":{"name":"(anonymous_1)","decl":{"start":{"line":10,"column":2},"end":{"line":10,"column":3}},"loc":{"start":{"line":10,"column":20},"end":{"line":12,"column":3}},"line":10},"2":{"name":"(anonymous_2)","decl":{"start":{"line":13,"column":2},"end":{"line":13,"column":3}},"loc":{"start":{"line":13,"column":17},"end":{"line":15,"column":3}},"line":13},"3":{"name":"(anonymous_3)","decl":{"start":{"line":16,"column":2},"end":{"line":16,"column":3}},"loc":{"start":{"line":16,"column":16},"end":{"line":18,"column":3}},"line":16},"4":{"name":"(anonymous_4)","decl":{"start":{"line":21,"column":2},"end":{"line":21,"column":3}},"loc":{"start":{"line":21,"column":12},"end":{"line":23,"column":3}},"line":21},"5":{"name":"(anonymous_5)","decl":{"start":{"line":24,"column":2},"end":{"line":24,"column":3}},"loc":{"start":{"line":24,"column":11},"end":{"line":26,"column":3}},"line":24},"6":{"name":"(anonymous_6)","decl":{"start":{"line":28,"column":11},"end":{"line":28,"column":12}},"loc":{"start":{"line":28,"column":17},"end":{"line":34,"column":3}},"line":28}},"branchMap":{},"s":{"0":9,"1":9,"2":9,"3":1,"4":1,"5":1,"6":5,"7":5,"8":2,"9":1,"10":1,"11":1},"f":{"0":9,"1":1,"2":1,"3":1,"4":5,"5":5,"6":2},"b":{},"_coverageSchema":"332fd63041d2c1bcb487cc26dd0d5f7d97098a6c","hash":"d2fbe9aa126b56c44952150782c79bc707761c86"}
,"C:\\Users\\bergu\\Desktop\\LudumGameEngine\\src\\gameEngine\\components\\Sprite.js": {"path":"C:\\Users\\bergu\\Desktop\\LudumGameEngine\\src\\gameEngine\\components\\Sprite.js","statementMap":{"0":{"start":{"line":13,"column":4},"end":{"line":13,"column":25}},"1":{"start":{"line":14,"column":4},"end":{"line":14,"column":35}},"2":{"start":{"line":15,"column":4},"end":{"line":15,"column":37}},"3":{"start":{"line":16,"column":4},"end":{"line":16,"column":35}},"4":{"start":{"line":17,"column":4},"end":{"line":17,"column":49}},"5":{"start":{"line":18,"column":4},"end":{"line":18,"column":50}},"6":{"start":{"line":19,"column":4},"end":{"line":19,"column":22}},"7":{"start":{"line":20,"column":4},"end":{"line":20,"column":25}},"8":{"start":{"line":22,"column":4},"end":{"line":28,"column":5}},"9":{"start":{"line":23,"column":6},"end":{"line":27,"column":7}},"10":{"start":{"line":24,"column":8},"end":{"line":24,"column":54}},"11":{"start":{"line":25,"column":8},"end":{"line":25,"column":52}},"12":{"start":{"line":31,"column":4},"end":{"line":31,"column":18}},"13":{"start":{"line":32,"column":4},"end":{"line":32,"column":26}},"14":{"start":{"line":33,"column":4},"end":{"line":33,"column":27}},"15":{"start":{"line":34,"column":4},"end":{"line":34,"column":30}},"16":{"start":{"line":35,"column":4},"end":{"line":35,"column":19}},"17":{"start":{"line":38,"column":4},"end":{"line":38,"column":27}},"18":{"start":{"line":39,"column":4},"end":{"line":39,"column":24}},"19":{"start":{"line":40,"column":4},"end":{"line":40,"column":23}},"20":{"start":{"line":41,"column":4},"end":{"line":41,"column":23}},"21":{"start":{"line":42,"column":4},"end":{"line":42,"column":21}},"22":{"start":{"line":43,"column":4},"end":{"line":43,"column":35}},"23":{"start":{"line":45,"column":4},"end":{"line":45,"column":46}},"24":{"start":{"line":49,"column":4},"end":{"line":49,"column":26}},"25":{"start":{"line":50,"column":4},"end":{"line":50,"column":38}},"26":{"start":{"line":52,"column":4},"end":{"line":74,"column":5}},"27":{"start":{"line":53,"column":6},"end":{"line":53,"column":27}},"28":{"start":{"line":55,"column":6},"end":{"line":55,"column":58}},"29":{"start":{"line":57,"column":6},"end":{"line":73,"column":7}},"30":{"start":{"line":58,"column":8},"end":{"line":58,"column":52}},"31":{"start":{"line":59,"column":8},"end":{"line":59,"column":56}},"32":{"start":{"line":60,"column":8},"end":{"line":60,"column":31}},"33":{"start":{"line":66,"column":8},"end":{"line":70,"column":9}},"34":{"start":{"line":67,"column":10},"end":{"line":67,"column":27}},"35":{"start":{"line":69,"column":10},"end":{"line":69,"column":25}},"36":{"start":{"line":72,"column":8},"end":{"line":72,"column":29}},"37":{"start":{"line":75,"column":4},"end":{"line":75,"column":46}},"38":{"start":{"line":79,"column":4},"end":{"line":79,"column":23}},"39":{"start":{"line":83,"column":19},"end":{"line":90,"column":5}},"40":{"start":{"line":92,"column":19},"end":{"line":98,"column":5}},"41":{"start":{"line":99,"column":4},"end":{"line":103,"column":6}}},"fnMap":{"0":{"name":"(anonymous_0)","decl":{"start":{"line":4,"column":2},"end":{"line":4,"column":3}},"loc":{"start":{"line":12,"column":4},"end":{"line":46,"column":3}},"line":12},"1":{"name":"(anonymous_1)","decl":{"start":{"line":48,"column":18},"end":{"line":48,"column":19}},"loc":{"start":{"line":48,"column":24},"end":{"line":76,"column":3}},"line":48},"2":{"name":"(anonymous_2)","decl":{"start":{"line":78,"column":2},"end":{"line":78,"column":3}},"loc":{"start":{"line":78,"column":18},"end":{"line":80,"column":3}},"line":78},"3":{"name":"(anonymous_3)","decl":{"start":{"line":82,"column":2},"end":{"line":82,"column":3}},"loc":{"start":{"line":82,"column":11},"end":{"line":104,"column":3}},"line":82}},"branchMap":{"0":{"loc":{"start":{"line":52,"column":4},"end":{"line":74,"column":5}},"type":"if","locations":[{"start":{"line":52,"column":4},"end":{"line":74,"column":5}},{"start":{"line":52,"column":4},"end":{"line":74,"column":5}}],"line":52},"1":{"loc":{"start":{"line":57,"column":6},"end":{"line":73,"column":7}},"type":"if","locations":[{"start":{"line":57,"column":6},"end":{"line":73,"column":7}},{"start":{"line":57,"column":6},"end":{"line":73,"column":7}}],"line":57},"2":{"loc":{"start":{"line":66,"column":8},"end":{"line":70,"column":9}},"type":"if","locations":[{"start":{"line":66,"column":8},"end":{"line":70,"column":9}},{"start":{"line":66,"column":8},"end":{"line":70,"column":9}}],"line":66}},"s":{"0":2,"1":2,"2":2,"3":2,"4":2,"5":2,"6":2,"7":2,"8":2,"9":4,"10":16,"11":16,"12":2,"13":2,"14":2,"15":2,"16":2,"17":2,"18":2,"19":2,"20":2,"21":2,"22":2,"23":2,"24":0,"25":0,"26":0,"27":0,"28":0,"29":0,"30":0,"31":0,"32":0,"33":0,"34":0,"35":0,"36":0,"37":0,"38":0,"39":0,"40":0,"41":0},"f":{"0":2,"1":0,"2":0,"3":0},"b":{"0":[0,0],"1":[0,0],"2":[0,0]},"_coverageSchema":"332fd63041d2c1bcb487cc26dd0d5f7d97098a6c","hash":"4cc22a6efa6dd8f26697f2b299b45eeaf210980f"}
,"C:\\Users\\bergu\\Desktop\\LudumGameEngine\\src\\utils\\ResourceManager.js": {"path":"C:\\Users\\bergu\\Desktop\\LudumGameEngine\\src\\utils\\ResourceManager.js","statementMap":{"0":{"start":{"line":15,"column":4},"end":{"line":17,"column":6}},"1":{"start":{"line":25,"column":4},"end":{"line":25,"column":65}},"2":{"start":{"line":30,"column":4},"end":{"line":30,"column":50}},"3":{"start":{"line":34,"column":4},"end":{"line":34,"column":49}},"4":{"start":{"line":38,"column":4},"end":{"line":38,"column":51}}},"fnMap":{"0":{"name":"(anonymous_0)","decl":{"start":{"line":14,"column":27},"end":{"line":14,"column":28}},"loc":{"start":{"line":14,"column":35},"end":{"line":18,"column":3}},"line":14},"1":{"name":"(anonymous_1)","decl":{"start":{"line":24,"column":27},"end":{"line":24,"column":28}},"loc":{"start":{"line":24,"column":35},"end":{"line":26,"column":3}},"line":24},"2":{"name":"(anonymous_2)","decl":{"start":{"line":29,"column":24},"end":{"line":29,"column":25}},"loc":{"start":{"line":29,"column":32},"end":{"line":31,"column":3}},"line":29},"3":{"name":"(anonymous_3)","decl":{"start":{"line":33,"column":24},"end":{"line":33,"column":25}},"loc":{"start":{"line":33,"column":32},"end":{"line":35,"column":3}},"line":33},"4":{"name":"(anonymous_4)","decl":{"start":{"line":37,"column":25},"end":{"line":37,"column":26}},"loc":{"start":{"line":37,"column":33},"end":{"line":39,"column":3}},"line":37}},"branchMap":{},"s":{"0":0,"1":0,"2":1,"3":8,"4":2},"f":{"0":0,"1":0,"2":1,"3":8,"4":2},"b":{},"_coverageSchema":"332fd63041d2c1bcb487cc26dd0d5f7d97098a6c","hash":"6e0be955a82db96ac00ae44dfbec8469a1a5254e"}
}
