TN:
SF:C:\Users\bergu\Desktop\LudumGameEngine\src\gameEngine\Entity.js
FN:2,(anonymous_0)
FN:69,(anonymous_1)
FN:73,(anonymous_2)
FN:77,(anonymous_3)
FN:81,(anonymous_4)
FN:85,(anonymous_5)
FN:89,(anonymous_6)
FN:93,(anonymous_7)
FN:97,(anonymous_8)
FN:101,(anonymous_9)
FN:105,(anonymous_10)
FNF:11
FNH:11
FNDA:10,(anonymous_0)
FNDA:2,(anonymous_1)
FNDA:1,(anonymous_2)
FNDA:13,(anonymous_3)
FNDA:6,(anonymous_4)
FNDA:7,(anonymous_5)
FNDA:3,(anonymous_6)
FNDA:2,(anonymous_7)
FNDA:1,(anonymous_8)
FNDA:2,(anonymous_9)
FNDA:5,(anonymous_10)
DA:12,10
DA:13,10
DA:16,10
DA:17,9
DA:20,1
DA:21,1
DA:25,10
DA:26,9
DA:29,1
DA:30,1
DA:34,10
DA:35,9
DA:38,1
DA:39,1
DA:43,10
DA:44,2
DA:47,8
DA:48,8
DA:52,10
DA:53,2
DA:56,8
DA:57,8
DA:60,10
DA:61,8
DA:62,8
DA:64,2
DA:65,2
DA:70,2
DA:74,1
DA:78,13
DA:82,6
DA:86,7
DA:90,3
DA:94,2
DA:98,1
DA:102,2
DA:106,5
DA:120,5
LF:38
LH:38
BRDA:16,0,0,9
BRDA:16,0,1,1
BRDA:25,1,0,9
BRDA:25,1,1,1
BRDA:34,2,0,9
BRDA:34,2,1,1
BRDA:43,3,0,2
BRDA:43,3,1,8
BRDA:52,4,0,2
BRDA:52,4,1,8
BRDA:60,5,0,8
BRDA:60,5,1,2
BRF:12
BRH:12
end_of_record
TN:
SF:C:\Users\bergu\Desktop\LudumGameEngine\src\gameEngine\components\AudioManager.js
FN:2,(anonymous_0)
FN:6,(anonymous_1)
FNF:2
FNH:2
FNDA:3,(anonymous_0)
FNDA:1,(anonymous_1)
DA:3,3
DA:7,1
DA:8,0
DA:10,1
DA:11,1
LF:5
LH:4
BRDA:7,0,0,0
BRDA:7,0,1,1
BRF:2
BRH:1
end_of_record
TN:
SF:C:\Users\bergu\Desktop\LudumGameEngine\src\gameEngine\components\Body.js
FN:2,(anonymous_0)
FN:11,(anonymous_1)
FN:14,(anonymous_2)
FN:17,(anonymous_3)
FN:20,(anonymous_4)
FN:23,(anonymous_5)
FN:28,(anonymous_6)
FN:31,(anonymous_7)
FN:34,(anonymous_8)
FN:37,(anonymous_9)
FNF:10
FNH:10
FNDA:10,(anonymous_0)
FNDA:1,(anonymous_1)
FNDA:3,(anonymous_2)
FNDA:3,(anonymous_3)
FNDA:1,(anonymous_4)
FNDA:1,(anonymous_5)
FNDA:9,(anonymous_6)
FNDA:8,(anonymous_7)
FNDA:5,(anonymous_8)
FNDA:5,(anonymous_9)
DA:3,10
DA:4,10
DA:5,10
DA:6,10
DA:7,10
DA:12,1
DA:15,3
DA:18,3
DA:21,1
DA:24,1
DA:29,9
DA:32,8
DA:35,5
DA:38,5
LF:14
LH:14
BRF:0
BRH:0
end_of_record
TN:
SF:C:\Users\bergu\Desktop\LudumGameEngine\src\gameEngine\components\CollisionDetection.js
FN:2,(anonymous_0)
FN:9,(anonymous_1)
FN:13,(anonymous_2)
FN:18,(anonymous_3)
FNF:4
FNH:4
FNDA:10,(anonymous_0)
FNDA:2,(anonymous_1)
FNDA:1,(anonymous_2)
FNDA:2,(anonymous_3)
DA:3,10
DA:4,10
DA:5,10
DA:10,2
DA:14,1
DA:19,2
DA:20,2
DA:21,2
DA:27,2
DA:34,2
DA:40,1
DA:41,1
DA:46,1
DA:48,1
DA:49,1
LF:15
LH:15
BRDA:34,0,0,1
BRDA:34,0,1,1
BRDA:35,1,0,2
BRDA:35,1,1,2
BRDA:35,1,2,1
BRDA:35,1,3,1
BRF:6
BRH:6
end_of_record
TN:
SF:C:\Users\bergu\Desktop\LudumGameEngine\src\gameEngine\components\ImageRender.js
FN:4,(anonymous_0)
FN:9,(anonymous_1)
FNF:2
FNH:1
FNDA:1,(anonymous_0)
FNDA:0,(anonymous_1)
DA:5,1
DA:6,1
DA:10,0
DA:19,0
DA:26,0
LF:5
LH:2
BRF:0
BRH:0
end_of_record
TN:
SF:C:\Users\bergu\Desktop\LudumGameEngine\src\gameEngine\components\Physics.js
FN:2,(anonymous_0)
FN:9,(anonymous_1)
FN:12,(anonymous_2)
FN:15,(anonymous_3)
FN:20,(anonymous_4)
FN:23,(anonymous_5)
FN:27,(anonymous_6)
FNF:7
FNH:7
FNDA:9,(anonymous_0)
FNDA:1,(anonymous_1)
FNDA:1,(anonymous_2)
FNDA:1,(anonymous_3)
FNDA:6,(anonymous_4)
FNDA:6,(anonymous_5)
FNDA:2,(anonymous_6)
DA:3,9
DA:4,9
DA:5,9
DA:10,1
DA:13,1
DA:16,1
DA:21,6
DA:24,6
DA:28,2
DA:29,2
DA:30,2
DA:32,2
DA:33,2
LF:13
LH:13
BRF:0
BRH:0
end_of_record
TN:
SF:C:\Users\bergu\Desktop\LudumGameEngine\src\gameEngine\components\Sprite.js
FN:4,(anonymous_0)
FN:48,(anonymous_1)
FN:78,(anonymous_2)
FN:82,(anonymous_3)
FNF:4
FNH:1
FNDA:2,(anonymous_0)
FNDA:0,(anonymous_1)
FNDA:0,(anonymous_2)
FNDA:0,(anonymous_3)
DA:13,2
DA:14,2
DA:15,2
DA:16,2
DA:17,2
DA:18,2
DA:19,2
DA:20,2
DA:22,2
DA:23,4
DA:24,16
DA:25,16
DA:31,2
DA:32,2
DA:33,2
DA:34,2
DA:35,2
DA:38,2
DA:39,2
DA:40,2
DA:41,2
DA:42,2
DA:43,2
DA:45,2
DA:49,0
DA:50,0
DA:52,0
DA:53,0
DA:55,0
DA:57,0
DA:58,0
DA:59,0
DA:60,0
DA:66,0
DA:67,0
DA:69,0
DA:72,0
DA:75,0
DA:79,0
DA:83,0
DA:92,0
DA:99,0
LF:42
LH:24
BRDA:52,0,0,0
BRDA:52,0,1,0
BRDA:57,1,0,0
BRDA:57,1,1,0
BRDA:66,2,0,0
BRDA:66,2,1,0
BRF:6
BRH:0
end_of_record
TN:
SF:C:\Users\bergu\Desktop\LudumGameEngine\src\utils\ResourceManager.js
FN:14,(anonymous_0)
FN:24,(anonymous_1)
FN:29,(anonymous_2)
FN:33,(anonymous_3)
FN:37,(anonymous_4)
FNF:5
FNH:3
FNDA:0,(anonymous_0)
FNDA:0,(anonymous_1)
FNDA:2,(anonymous_2)
FNDA:8,(anonymous_3)
FNDA:2,(anonymous_4)
DA:15,0
DA:25,0
DA:30,2
DA:34,8
DA:38,2
LF:5
LH:3
BRF:0
BRH:0
end_of_record
