TN:
SF:C:\Users\bergu\Desktop\LudumGameEngine\src\gameEngine\Entity.js
FN:2,(anonymous_0)
FN:49,(anonymous_1)
FN:53,(anonymous_2)
FN:57,(anonymous_3)
FN:61,(anonymous_4)
FN:65,(anonymous_5)
FN:69,(anonymous_6)
FN:73,(anonymous_7)
FN:77,(anonymous_8)
FN:81,(anonymous_9)
FNF:10
FNH:6
FNDA:8,(anonymous_0)
FNDA:0,(anonymous_1)
FNDA:0,(anonymous_2)
FNDA:5,(anonymous_3)
FNDA:5,(anonymous_4)
FNDA:4,(anonymous_5)
FNDA:0,(anonymous_6)
FNDA:0,(anonymous_7)
FNDA:1,(anonymous_8)
FNDA:4,(anonymous_9)
DA:4,8
DA:5,8
DA:8,8
DA:9,8
DA:10,8
DA:12,0
DA:16,8
DA:17,8
DA:18,8
DA:20,0
DA:24,8
DA:25,8
DA:26,8
DA:28,0
DA:32,8
DA:33,0
DA:34,0
DA:36,8
DA:40,8
DA:42,0
DA:43,0
DA:45,8
DA:50,0
DA:54,0
DA:58,5
DA:62,5
DA:66,4
DA:70,0
DA:74,0
DA:78,1
DA:82,4
DA:96,4
LF:32
LH:21
BRDA:8,0,0,8
BRDA:8,0,1,0
BRDA:16,1,0,8
BRDA:16,1,1,0
BRDA:24,2,0,8
BRDA:24,2,1,0
BRDA:32,3,0,0
BRDA:32,3,1,8
BRDA:40,4,0,0
BRDA:40,4,1,8
BRF:10
BRH:5
end_of_record
TN:
SF:C:\Users\bergu\Desktop\LudumGameEngine\src\gameEngine\components\Body.js
FN:2,(anonymous_0)
FN:11,(anonymous_1)
FN:14,(anonymous_2)
FN:17,(anonymous_3)
FN:20,(anonymous_4)
FN:23,(anonymous_5)
FN:28,(anonymous_6)
FN:31,(anonymous_7)
FN:34,(anonymous_8)
FN:37,(anonymous_9)
FNF:10
FNH:10
FNDA:9,(anonymous_0)
FNDA:1,(anonymous_1)
FNDA:2,(anonymous_2)
FNDA:2,(anonymous_3)
FNDA:1,(anonymous_4)
FNDA:1,(anonymous_5)
FNDA:6,(anonymous_6)
FNDA:5,(anonymous_7)
FNDA:4,(anonymous_8)
FNDA:4,(anonymous_9)
DA:3,9
DA:4,9
DA:5,9
DA:6,9
DA:7,9
DA:12,1
DA:15,2
DA:18,2
DA:21,1
DA:24,1
DA:29,6
DA:32,5
DA:35,4
DA:38,4
LF:14
LH:14
BRF:0
BRH:0
end_of_record
TN:
SF:C:\Users\bergu\Desktop\LudumGameEngine\src\gameEngine\components\CollisionDetection.js
FN:2,(anonymous_0)
FN:8,(anonymous_1)
FN:13,(anonymous_2)
FNF:3
FNH:3
FNDA:8,(anonymous_0)
FNDA:2,(anonymous_1)
FNDA:2,(anonymous_2)
DA:3,8
DA:4,8
DA:9,2
DA:14,2
DA:15,2
DA:16,2
DA:22,2
DA:29,2
DA:35,1
DA:36,1
DA:40,1
DA:42,1
DA:43,1
LF:13
LH:13
BRDA:29,0,0,1
BRDA:29,0,1,1
BRDA:30,1,0,2
BRDA:30,1,1,2
BRDA:30,1,2,1
BRDA:30,1,3,1
BRF:6
BRH:6
end_of_record
TN:
SF:C:\Users\bergu\Desktop\LudumGameEngine\src\gameEngine\components\Physics.js
FN:3,(anonymous_0)
FN:10,(anonymous_1)
FN:13,(anonymous_2)
FN:16,(anonymous_3)
FN:21,(anonymous_4)
FN:24,(anonymous_5)
FN:28,(anonymous_6)
FNF:7
FNH:7
FNDA:8,(anonymous_0)
FNDA:1,(anonymous_1)
FNDA:1,(anonymous_2)
FNDA:1,(anonymous_3)
FNDA:5,(anonymous_4)
FNDA:5,(anonymous_5)
FNDA:1,(anonymous_6)
DA:4,8
DA:5,8
DA:6,8
DA:11,1
DA:14,1
DA:17,1
DA:22,5
DA:25,5
DA:29,1
DA:30,1
DA:32,1
DA:33,1
LF:12
LH:12
BRF:0
BRH:0
end_of_record
TN:
SF:C:\Users\bergu\Desktop\LudumGameEngine\src\utils\ResourceManager.js
FN:14,(anonymous_0)
FN:27,(anonymous_1)
FN:34,(anonymous_2)
FN:38,(anonymous_3)
FN:42,(anonymous_4)
FNF:5
FNH:1
FNDA:0,(anonymous_0)
FNDA:0,(anonymous_1)
FNDA:2,(anonymous_2)
FNDA:0,(anonymous_3)
FNDA:0,(anonymous_4)
DA:15,0
DA:30,0
DA:35,2
DA:39,0
DA:43,0
LF:5
LH:1
BRF:0
BRH:0
end_of_record
